<!-- Root element for an individual test case, allows these to be wrapped into
XML lists -->
<testCase xmlns:xsi="http://www.w3.org/2001/XMLSchema-instance" xsi:noNamespaceSchemaLocation="test-case.xsd"
  testable="">
  <!-- Unique ID for the test case -->
  <id specification="E-ARK CSIP" version="2.0-DRAFT" section="amdsec" requirementId="CSIP32"/>
  <!-- URL references to requirements for convenient lookup -->
  <references>
    <reference requirementId="http://earkcsip.dilcis.eu/#CSIP32"/>
  </references>
  <!-- Textual description of the test case, may just be a repeat of the requirment text. -->
  <description>For recording information about preservation events the standard PREMIS is used. The PREMIS metadata must be either embedded or linked in a digital provenance metadata (digiprovMD) element. It is mandatory to include one digiprovMD element for each external PREMIS file placed in the “metadata/preservation” section, or for each embedded set of PREMIS metadata.
</description>
  <!-- List of requirments that this test case depends on in addition to the
  main requirememt, e.g. general requirments on the form of IDs -->
  <dependencies>
  </dependencies>
  <!-- A list of the validation rules derived from the test case -->
  <rules>
  </rules>
</testCase>
