<!-- Root element for an individual test case, allows these to be wrapped into
XML lists -->
<testCase xmlns:xsi="http://www.w3.org/2001/XMLSchema-instance" xsi:noNamespaceSchemaLocation="test-case.xsd"
  testable="">
  <!-- Unique ID for the test case -->
  <id specification="E-ARK CSIP" version="2.0-DRAFT" section="mets-root" requirementId="CSIP1"/>
  <!-- URL references to requirements for convenient lookup -->
  <references>
    <reference requirementId="http://earkcsip.dilcis.eu/#CSIP1"/>
  </references>
  <!-- Textual description of the test case, may just be a repeat of the requirment text. -->
  <description>It is mandatory to use a content ID which is expressed with @OBJID. The value should be the same as the name or ID of the package (the name of the root folder) for the root METS document or the name and folder name for the representation. The OBJID must meet the principle of being unique at least across the repository.
</description>
  <!-- List of requirments that this test case depends on in addition to the
  main requirememt, e.g. general requirments on the form of IDs -->
  <dependencies>
  </dependencies>
  <!-- A list of the validation rules derived from the test case -->
  <rules>
  </rules>
</testCase>
