<!-- Root element for an individual test case, allows these to be wrapped into
XML lists -->
<testCase xmlns:xsi="http://www.w3.org/2001/XMLSchema-instance" xsi:noNamespaceSchemaLocation="test-case.xsd"
  testable="">
  <!-- Unique ID for the test case -->
  <id specification="E-ARK CSIP" version="2.0-DRAFT" section="filesec" requirementId="CSIP73"/>
  <!-- URL references to requirements for convenient lookup -->
  <references>
    <reference requirementId="http://earkcsip.dilcis.eu/#CSIP73"/>
  </references>
  <!-- Textual description of the test case, may just be a repeat of the requirment text. -->
  <description>If an original ID for the file has been given by the owner it can be saved in this attribute.
</description>
  <!-- List of requirments that this test case depends on in addition to the
  main requirememt, e.g. general requirments on the form of IDs -->
  <dependencies>
  </dependencies>
  <!-- A list of the validation rules derived from the test case -->
  <rules>
  </rules>
</testCase>
